0 verbose cli /Users/Akabia/.nvm/versions/node/v22.17.0/bin/node /Users/Akabia/.nvm/versions/node/v22.17.0/bin/npm
1 info using npm@11.6.0
2 info using node@v22.17.0
3 silly config load:file:/Users/Akabia/.nvm/versions/node/v22.17.0/lib/node_modules/npm/npmrc
4 silly config load:file:/Users/Akabia/Downloads/--Sites local/test-miro-local/.npmrc
5 silly config load:file:/Users/Akabia/.npmrc
6 silly config load:file:/Users/Akabia/.nvm/versions/node/v22.17.0/etc/npmrc
7 verbose title npm install reactflow lucide-react
8 verbose argv "install" "reactflow" "lucide-react" "--cache" "./.npm-cache"
9 verbose logfile logs-max:10 dir:/Users/Akabia/Downloads/--Sites local/test-miro-local/.npm-cache/_logs/2026-03-20T16_16_16_531Z-
10 verbose logfile /Users/Akabia/Downloads/--Sites local/test-miro-local/.npm-cache/_logs/2026-03-20T16_16_16_531Z-debug-0.log
11 silly logfile done cleaning log files
12 silly packumentCache heap:4345298944 maxSize:1086324736 maxEntrySize:543162368
13 silly idealTree buildDeps
14 silly fetch manifest reactflow@*
15 silly packumentCache full:https://registry.npmjs.org/reactflow cache-miss
16 http fetch GET 200 https://registry.npmjs.org/reactflow 134ms (cache miss)
17 silly packumentCache full:https://registry.npmjs.org/reactflow set size:undefined disposed:false
18 silly fetch manifest react@^19.2.4
19 silly packumentCache full:https://registry.npmjs.org/react cache-miss
20 http cache https://registry.npmjs.org/react 14ms (cache hit)
21 silly packumentCache full:https://registry.npmjs.org/react set size:6551477 disposed:false
22 silly fetch manifest react-dom@^19.2.4
23 silly packumentCache full:https://registry.npmjs.org/react-dom cache-miss
24 http cache https://registry.npmjs.org/react-dom 10ms (cache hit)
25 silly packumentCache full:https://registry.npmjs.org/react-dom set size:8698753 disposed:false
26 silly fetch manifest lucide-react@*
27 silly packumentCache full:https://registry.npmjs.org/lucide-react cache-miss
28 http fetch GET 200 https://registry.npmjs.org/lucide-react 46ms (cache miss)
29 silly packumentCache full:https://registry.npmjs.org/lucide-react set size:undefined disposed:false
30 silly placeDep ROOT lucide-react@0.577.0 OK for: test-miro-local@0.0.0 want: *
31 silly placeDep ROOT reactflow@11.11.4 OK for: test-miro-local@0.0.0 want: *
32 silly fetch manifest @reactflow/minimap@11.7.14
33 silly packumentCache full:https://registry.npmjs.org/@reactflow%2fminimap cache-miss
34 silly fetch manifest @reactflow/node-resizer@2.2.14
35 silly packumentCache full:https://registry.npmjs.org/@reactflow%2fnode-resizer cache-miss
36 silly fetch manifest @reactflow/background@11.3.14
37 silly packumentCache full:https://registry.npmjs.org/@reactflow%2fbackground cache-miss
38 silly fetch manifest @reactflow/node-toolbar@1.3.14
39 silly packumentCache full:https://registry.npmjs.org/@reactflow%2fnode-toolbar cache-miss
40 silly fetch manifest @reactflow/core@11.11.4
41 silly packumentCache full:https://registry.npmjs.org/@reactflow%2fcore cache-miss
42 silly fetch manifest @reactflow/controls@11.2.14
43 silly packumentCache full:https://registry.npmjs.org/@reactflow%2fcontrols cache-miss
44 http fetch GET 200 https://registry.npmjs.org/@reactflow%2fnode-resizer 83ms (cache miss)
45 silly packumentCache full:https://registry.npmjs.org/@reactflow%2fnode-resizer set size:undefined disposed:false
46 http fetch GET 200 https://registry.npmjs.org/@reactflow%2fcontrols 85ms (cache miss)
47 silly packumentCache full:https://registry.npmjs.org/@reactflow%2fcontrols set size:undefined disposed:false
48 http fetch GET 200 https://registry.npmjs.org/@reactflow%2fcore 87ms (cache miss)
49 silly packumentCache full:https://registry.npmjs.org/@reactflow%2fcore set size:undefined disposed:false
50 http fetch GET 200 https://registry.npmjs.org/@reactflow%2fbackground 113ms (cache miss)
51 silly packumentCache full:https://registry.npmjs.org/@reactflow%2fbackground set size:undefined disposed:false
52 http fetch GET 200 https://registry.npmjs.org/@reactflow%2fnode-toolbar 177ms (cache miss)
53 silly packumentCache full:https://registry.npmjs.org/@reactflow%2fnode-toolbar set size:undefined disposed:false
54 http fetch GET 200 https://registry.npmjs.org/@reactflow%2fminimap 685ms (cache miss)
55 silly packumentCache full:https://registry.npmjs.org/@reactflow%2fminimap set size:undefined disposed:false
56 silly fetch manifest react@>=17
57 silly packumentCache full:https://registry.npmjs.org/react cache-miss
58 http cache https://registry.npmjs.org/react 7ms (cache hit)
59 silly packumentCache full:https://registry.npmjs.org/react set size:6551477 disposed:false
60 silly fetch manifest react-dom@>=17
61 silly packumentCache full:https://registry.npmjs.org/react-dom cache-miss
62 http cache https://registry.npmjs.org/react-dom 9ms (cache hit)
63 silly packumentCache full:https://registry.npmjs.org/react-dom set size:8698753 disposed:false
64 silly placeDep ROOT @reactflow/background@11.3.14 OK for: reactflow@11.11.4 want: 11.3.14
65 silly placeDep ROOT @reactflow/controls@11.2.14 OK for: reactflow@11.11.4 want: 11.2.14
66 silly placeDep ROOT @reactflow/core@11.11.4 OK for: reactflow@11.11.4 want: 11.11.4
67 silly placeDep ROOT @reactflow/minimap@11.7.14 OK for: reactflow@11.11.4 want: 11.7.14
68 silly placeDep ROOT @reactflow/node-resizer@2.2.14 OK for: reactflow@11.11.4 want: 2.2.14
69 silly placeDep ROOT @reactflow/node-toolbar@1.3.14 OK for: reactflow@11.11.4 want: 1.3.14
70 silly fetch manifest classcat@^5.0.3
71 silly packumentCache full:https://registry.npmjs.org/classcat cache-miss
72 silly fetch manifest zustand@^4.4.1
73 silly packumentCache full:https://registry.npmjs.org/zustand cache-miss
74 silly fetch manifest classcat@^5.0.3
75 silly packumentCache full:https://registry.npmjs.org/classcat cache-miss
76 silly fetch manifest zustand@^4.4.1
77 silly packumentCache full:https://registry.npmjs.org/zustand cache-miss
78 silly fetch manifest @types/d3@^7.4.0
79 silly packumentCache full:https://registry.npmjs.org/@types%2fd3 cache-miss
80 silly fetch manifest @types/d3-drag@^3.0.1
81 silly packumentCache full:https://registry.npmjs.org/@types%2fd3-drag cache-miss
82 silly fetch manifest @types/d3-selection@^3.0.3
83 silly packumentCache full:https://registry.npmjs.org/@types%2fd3-selection cache-miss
84 http fetch GET 200 https://registry.npmjs.org/classcat 38ms (cache miss)
85 silly packumentCache full:https://registry.npmjs.org/classcat set size:undefined disposed:false
86 silly fetch manifest @types/d3-zoom@^3.0.1
87 silly packumentCache full:https://registry.npmjs.org/@types%2fd3-zoom cache-miss
88 http fetch GET 200 https://registry.npmjs.org/@types%2fd3-drag 38ms (cache miss)
89 silly packumentCache full:https://registry.npmjs.org/@types%2fd3-drag set size:undefined disposed:false
90 silly fetch manifest d3-drag@^3.0.0
91 silly packumentCache full:https://registry.npmjs.org/d3-drag cache-miss
92 http fetch GET 200 https://registry.npmjs.org/classcat 40ms (cache miss)
93 silly packumentCache full:https://registry.npmjs.org/classcat set size:undefined disposed:false
94 silly fetch manifest d3-selection@^3.0.0
95 silly packumentCache full:https://registry.npmjs.org/d3-selection cache-miss
96 http fetch GET 200 https://registry.npmjs.org/zustand 54ms (cache miss)
97 silly packumentCache full:https://registry.npmjs.org/zustand set size:undefined disposed:false
98 silly fetch manifest d3-zoom@^3.0.0
99 silly packumentCache full:https://registry.npmjs.org/d3-zoom cache-miss
100 http fetch GET 200 https://registry.npmjs.org/@types%2fd3 57ms (cache miss)
101 silly packumentCache full:https://registry.npmjs.org/@types%2fd3 set size:undefined disposed:false
102 silly fetch manifest @types/d3-selection@^3.0.3
103 silly packumentCache full:https://registry.npmjs.org/@types%2fd3-selection cache-miss
104 http fetch GET 200 https://registry.npmjs.org/zustand 63ms (cache miss)
105 silly packumentCache full:https://registry.npmjs.org/zustand set size:undefined disposed:false
106 silly fetch manifest @types/d3-zoom@^3.0.1
107 silly packumentCache full:https://registry.npmjs.org/@types%2fd3-zoom cache-miss
108 http fetch GET 200 https://registry.npmjs.org/d3-drag 38ms (cache miss)
109 silly packumentCache full:https://registry.npmjs.org/d3-drag set size:undefined disposed:false
110 silly fetch manifest d3-selection@^3.0.0
111 silly packumentCache full:https://registry.npmjs.org/d3-selection cache-miss
112 http fetch GET 200 https://registry.npmjs.org/@types%2fd3-zoom 40ms (cache miss)
113 silly packumentCache full:https://registry.npmjs.org/@types%2fd3-zoom set size:undefined disposed:false
114 silly fetch manifest d3-zoom@^3.0.0
115 silly packumentCache full:https://registry.npmjs.org/d3-zoom cache-miss
116 http fetch GET 200 https://registry.npmjs.org/d3-selection 47ms (cache miss)
117 silly packumentCache full:https://registry.npmjs.org/d3-selection set size:undefined disposed:false
118 silly fetch manifest classcat@^5.0.4
119 silly packumentCache full:https://registry.npmjs.org/classcat cache-miss
120 http fetch GET 200 https://registry.npmjs.org/@types%2fd3-selection 90ms (cache miss)
121 silly packumentCache full:https://registry.npmjs.org/@types%2fd3-selection set size:undefined disposed:false
122 http cache https://registry.npmjs.org/classcat 4ms (cache hit)
123 silly packumentCache full:https://registry.npmjs.org/classcat set size:85975 disposed:false
124 http fetch GET 200 https://registry.npmjs.org/d3-zoom 37ms (cache miss)
125 silly packumentCache full:https://registry.npmjs.org/d3-zoom set size:undefined disposed:false
126 http fetch GET 200 https://registry.npmjs.org/@types%2fd3-selection 44ms (cache miss)
127 silly packumentCache full:https://registry.npmjs.org/@types%2fd3-selection set size:undefined disposed:false
128 http fetch GET 200 https://registry.npmjs.org/d3-zoom 33ms (cache miss)
129 silly packumentCache full:https://registry.npmjs.org/d3-zoom set size:undefined disposed:false
130 http fetch GET 200 https://registry.npmjs.org/d3-selection 43ms (cache miss)
131 silly packumentCache full:https://registry.npmjs.org/d3-selection set size:undefined disposed:false
132 http fetch GET 200 https://registry.npmjs.org/@types%2fd3-zoom 58ms (cache miss)
133 silly packumentCache full:https://registry.npmjs.org/@types%2fd3-zoom set size:undefined disposed:false
134 silly fetch manifest @types/react@>=16.8
135 silly packumentCache full:https://registry.npmjs.org/@types%2freact cache-miss
136 http cache https://registry.npmjs.org/@types%2freact 5ms (cache hit)
137 silly packumentCache full:https://registry.npmjs.org/@types%2freact set size:2588986 disposed:false
138 silly fetch manifest immer@>=9.0.6
139 silly packumentCache full:https://registry.npmjs.org/immer cache-miss
140 http fetch GET 200 https://registry.npmjs.org/immer 34ms (cache miss)
141 silly packumentCache full:https://registry.npmjs.org/immer set size:undefined disposed:false
142 silly placeDep ROOT classcat@5.0.5 OK for: @reactflow/background@11.3.14 want: ^5.0.3
143 silly placeDep ROOT zustand@4.5.7 OK for: @reactflow/background@11.3.14 want: ^4.4.1
144 silly fetch manifest use-sync-external-store@^1.2.2
145 silly packumentCache full:https://registry.npmjs.org/use-sync-external-store cache-miss
146 http fetch GET 200 https://registry.npmjs.org/use-sync-external-store 110ms (cache miss)
147 silly packumentCache full:https://registry.npmjs.org/use-sync-external-store set size:undefined disposed:false
148 silly placeDep ROOT @types/d3@7.4.3 OK for: @reactflow/core@11.11.4 want: ^7.4.0
149 silly placeDep ROOT @types/d3-drag@3.0.7 OK for: @reactflow/core@11.11.4 want: ^3.0.1
150 silly placeDep ROOT @types/d3-selection@3.0.11 OK for: @reactflow/core@11.11.4 want: ^3.0.3
151 silly placeDep ROOT @types/d3-zoom@3.0.8 OK for: @reactflow/core@11.11.4 want: ^3.0.1
152 silly placeDep ROOT d3-drag@3.0.0 OK for: @reactflow/core@11.11.4 want: ^3.0.0
153 silly placeDep ROOT d3-selection@3.0.0 OK for: @reactflow/core@11.11.4 want: ^3.0.0
154 silly placeDep ROOT d3-zoom@3.0.0 OK for: @reactflow/core@11.11.4 want: ^3.0.0
155 silly fetch manifest @types/d3-dsv@*
156 silly packumentCache full:https://registry.npmjs.org/@types%2fd3-dsv cache-miss
157 silly fetch manifest @types/d3-geo@*
158 silly packumentCache full:https://registry.npmjs.org/@types%2fd3-geo cache-miss
159 silly fetch manifest @types/d3-axis@*
160 silly packumentCache full:https://registry.npmjs.org/@types%2fd3-axis cache-miss
161 silly fetch manifest @types/d3-drag@*
162 silly packumentCache full:https://registry.npmjs.org/@types%2fd3-drag cache-miss
163 silly fetch manifest @types/d3-ease@*
164 silly packumentCache full:https://registry.npmjs.org/@types%2fd3-ease cache-miss
165 silly fetch manifest @types/d3-path@*
166 silly packumentCache full:https://registry.npmjs.org/@types%2fd3-path cache-miss
167 silly fetch manifest @types/d3-time@*
168 silly packumentCache full:https://registry.npmjs.org/@types%2fd3-time cache-miss
169 http cache https://registry.npmjs.org/@types%2fd3-drag 8ms (cache hit)
170 silly packumentCache full:https://registry.npmjs.org/@types%2fd3-drag set size:61692 disposed:false
171 silly fetch manifest @types/d3-zoom@*
172 silly packumentCache full:https://registry.npmjs.org/@types%2fd3-zoom cache-miss
173 http cache https://registry.npmjs.org/@types%2fd3-zoom 2ms (cache hit)
174 silly packumentCache full:https://registry.npmjs.org/@types%2fd3-zoom set size:93285 disposed:false
175 silly fetch manifest @types/d3-array@*
176 silly packumentCache full:https://registry.npmjs.org/@types%2fd3-array cache-miss
177 http fetch GET 200 https://registry.npmjs.org/@types%2fd3-dsv 39ms (cache miss)
178 silly packumentCache full:https://registry.npmjs.org/@types%2fd3-dsv set size:undefined disposed:false
179 silly fetch manifest @types/d3-brush@*
180 silly packumentCache full:https://registry.npmjs.org/@types%2fd3-brush cache-miss
181 http fetch GET 200 https://registry.npmjs.org/@types%2fd3-axis 40ms (cache miss)
182 silly packumentCache full:https://registry.npmjs.org/@types%2fd3-axis set size:undefined disposed:false
183 silly fetch manifest @types/d3-chord@*
184 silly packumentCache full:https://registry.npmjs.org/@types%2fd3-chord cache-miss
185 http fetch GET 200 https://registry.npmjs.org/@types%2fd3-time 43ms (cache miss)
186 silly packumentCache full:https://registry.npmjs.org/@types%2fd3-time set size:undefined disposed:false
187 silly fetch manifest @types/d3-color@*
188 silly packumentCache full:https://registry.npmjs.org/@types%2fd3-color cache-miss
189 http fetch GET 200 https://registry.npmjs.org/@types%2fd3-geo 51ms (cache miss)
190 silly packumentCache full:https://registry.npmjs.org/@types%2fd3-geo set size:undefined disposed:false
191 silly fetch manifest @types/d3-fetch@*
192 silly packumentCache full:https://registry.npmjs.org/@types%2fd3-fetch cache-miss
193 http fetch GET 200 https://registry.npmjs.org/@types%2fd3-path 53ms (cache miss)
194 silly packumentCache full:https://registry.npmjs.org/@types%2fd3-path set size:undefined disposed:false
195 silly fetch manifest @types/d3-force@*
196 silly packumentCache full:https://registry.npmjs.org/@types%2fd3-force cache-miss
197 http fetch GET 200 https://registry.npmjs.org/@types%2fd3-array 44ms (cache miss)
198 silly packumentCache full:https://registry.npmjs.org/@types%2fd3-array set size:undefined disposed:false
199 silly fetch manifest @types/d3-scale@*
200 silly packumentCache full:https://registry.npmjs.org/@types%2fd3-scale cache-miss
201 http fetch GET 200 https://registry.npmjs.org/@types%2fd3-brush 41ms (cache miss)
202 silly packumentCache full:https://registry.npmjs.org/@types%2fd3-brush set size:undefined disposed:false
203 silly fetch manifest @types/d3-shape@*
204 silly packumentCache full:https://registry.npmjs.org/@types%2fd3-shape cache-miss
205 http fetch GET 200 https://registry.npmjs.org/@types%2fd3-chord 44ms (cache miss)
206 silly packumentCache full:https://registry.npmjs.org/@types%2fd3-chord set size:undefined disposed:false
207 silly fetch manifest @types/d3-timer@*
208 silly packumentCache full:https://registry.npmjs.org/@types%2fd3-timer cache-miss
209 http fetch GET 200 https://registry.npmjs.org/@types%2fd3-color 42ms (cache miss)
210 silly packumentCache full:https://registry.npmjs.org/@types%2fd3-color set size:undefined disposed:false
211 silly fetch manifest @types/d3-format@*
212 silly packumentCache full:https://registry.npmjs.org/@types%2fd3-format cache-miss
213 http fetch GET 200 https://registry.npmjs.org/@types%2fd3-fetch 40ms (cache miss)
214 silly packumentCache full:https://registry.npmjs.org/@types%2fd3-fetch set size:undefined disposed:false
215 silly fetch manifest @types/d3-random@*
216 silly packumentCache full:https://registry.npmjs.org/@types%2fd3-random cache-miss
217 http fetch GET 200 https://registry.npmjs.org/@types%2fd3-force 46ms (cache miss)
218 silly packumentCache full:https://registry.npmjs.org/@types%2fd3-force set size:undefined disposed:false
219 silly fetch manifest @types/d3-contour@*
220 silly packumentCache full:https://registry.npmjs.org/@types%2fd3-contour cache-miss
221 http fetch GET 200 https://registry.npmjs.org/@types%2fd3-scale 48ms (cache miss)
222 silly packumentCache full:https://registry.npmjs.org/@types%2fd3-scale set size:undefined disposed:false
223 silly fetch manifest @types/d3-polygon@*
224 silly packumentCache full:https://registry.npmjs.org/@types%2fd3-polygon cache-miss
225 http fetch GET 200 https://registry.npmjs.org/@types%2fd3-timer 39ms (cache miss)
226 silly packumentCache full:https://registry.npmjs.org/@types%2fd3-timer set size:undefined disposed:false
227 silly fetch manifest @types/d3-delaunay@*
228 silly packumentCache full:https://registry.npmjs.org/@types%2fd3-delaunay cache-miss
229 http fetch GET 200 https://registry.npmjs.org/@types%2fd3-shape 42ms (cache miss)
230 silly packumentCache full:https://registry.npmjs.org/@types%2fd3-shape set size:undefined disposed:false
231 silly fetch manifest @types/d3-dispatch@*
232 silly packumentCache full:https://registry.npmjs.org/@types%2fd3-dispatch cache-miss
233 http fetch GET 200 https://registry.npmjs.org/@types%2fd3-format 43ms (cache miss)
234 silly packumentCache full:https://registry.npmjs.org/@types%2fd3-format set size:undefined disposed:false
235 silly fetch manifest @types/d3-quadtree@*
236 silly packumentCache full:https://registry.npmjs.org/@types%2fd3-quadtree cache-miss
237 http fetch GET 200 https://registry.npmjs.org/@types%2fd3-random 42ms (cache miss)
238 silly packumentCache full:https://registry.npmjs.org/@types%2fd3-random set size:undefined disposed:false
239 silly fetch manifest @types/d3-hierarchy@*
240 silly packumentCache full:https://registry.npmjs.org/@types%2fd3-hierarchy cache-miss
241 http fetch GET 200 https://registry.npmjs.org/@types%2fd3-polygon 45ms (cache miss)
242 silly packumentCache full:https://registry.npmjs.org/@types%2fd3-polygon set size:undefined disposed:false
243 silly fetch manifest @types/d3-selection@*
244 silly packumentCache full:https://registry.npmjs.org/@types%2fd3-selection cache-miss
245 http cache https://registry.npmjs.org/@types%2fd3-selection 2ms (cache hit)
246 silly packumentCache full:https://registry.npmjs.org/@types%2fd3-selection set size:96309 disposed:false
247 silly fetch manifest @types/d3-transition@*
248 silly packumentCache full:https://registry.npmjs.org/@types%2fd3-transition cache-miss
249 http fetch GET 200 https://registry.npmjs.org/@types%2fd3-contour 57ms (cache miss)
250 silly packumentCache full:https://registry.npmjs.org/@types%2fd3-contour set size:undefined disposed:false
251 silly fetch manifest @types/d3-interpolate@*
252 silly packumentCache full:https://registry.npmjs.org/@types%2fd3-interpolate cache-miss
253 http fetch GET 200 https://registry.npmjs.org/@types%2fd3-dispatch 35ms (cache miss)
254 silly packumentCache full:https://registry.npmjs.org/@types%2fd3-dispatch set size:undefined disposed:false
255 silly fetch manifest @types/d3-time-format@*
256 silly packumentCache full:https://registry.npmjs.org/@types%2fd3-time-format cache-miss
257 http fetch GET 200 https://registry.npmjs.org/@types%2fd3-delaunay 39ms (cache miss)
258 silly packumentCache full:https://registry.npmjs.org/@types%2fd3-delaunay set size:undefined disposed:false
259 silly fetch manifest @types/d3-scale-chromatic@*
260 silly packumentCache full:https://registry.npmjs.org/@types%2fd3-scale-chromatic cache-miss
261 http fetch GET 200 https://registry.npmjs.org/@types%2fd3-quadtree 35ms (cache miss)
262 silly packumentCache full:https://registry.npmjs.org/@types%2fd3-quadtree set size:undefined disposed:false
263 silly fetch manifest @types/d3-interpolate@*
264 silly packumentCache full:https://registry.npmjs.org/@types%2fd3-interpolate cache-miss
265 http fetch GET 200 https://registry.npmjs.org/@types%2fd3-hierarchy 40ms (cache miss)
266 silly packumentCache full:https://registry.npmjs.org/@types%2fd3-hierarchy set size:undefined disposed:false
267 silly fetch manifest d3-dispatch@1 - 3
268 silly packumentCache full:https://registry.npmjs.org/d3-dispatch cache-miss
269 http fetch GET 200 https://registry.npmjs.org/@types%2fd3-time-format 37ms (cache miss)
270 silly packumentCache full:https://registry.npmjs.org/@types%2fd3-time-format set size:undefined disposed:false
271 silly fetch manifest d3-selection@3
272 silly packumentCache full:https://registry.npmjs.org/d3-selection cache-miss
273 http cache https://registry.npmjs.org/d3-selection 3ms (cache hit)
274 silly packumentCache full:https://registry.npmjs.org/d3-selection set size:436645 disposed:false
275 silly fetch manifest d3-dispatch@1 - 3
276 silly packumentCache full:https://registry.npmjs.org/d3-dispatch cache-miss
277 http fetch GET 200 https://registry.npmjs.org/@types%2fd3-interpolate 40ms (cache miss)
278 silly packumentCache full:https://registry.npmjs.org/@types%2fd3-interpolate set size:undefined disposed:false
279 silly fetch manifest d3-interpolate@1 - 3
280 silly packumentCache full:https://registry.npmjs.org/d3-interpolate cache-miss
281 http fetch GET 200 https://registry.npmjs.org/@types%2fd3-scale-chromatic 43ms (cache miss)
282 silly packumentCache full:https://registry.npmjs.org/@types%2fd3-scale-chromatic set size:undefined disposed:false
283 silly fetch manifest d3-transition@2 - 3
284 silly packumentCache full:https://registry.npmjs.org/d3-transition cache-miss
285 http fetch GET 200 https://registry.npmjs.org/@types%2fd3-transition 55ms (cache miss)
286 silly packumentCache full:https://registry.npmjs.org/@types%2fd3-transition set size:undefined disposed:false
287 http fetch GET 200 https://registry.npmjs.org/d3-dispatch 33ms (cache miss)
288 silly packumentCache full:https://registry.npmjs.org/d3-dispatch set size:undefined disposed:false
289 http fetch GET 200 https://registry.npmjs.org/@types%2fd3-interpolate 55ms (cache miss)
290 silly packumentCache full:https://registry.npmjs.org/@types%2fd3-interpolate set size:undefined disposed:false
291 http fetch GET 200 https://registry.npmjs.org/@types%2fd3-ease 216ms (cache miss)
292 silly packumentCache full:https://registry.npmjs.org/@types%2fd3-ease set size:undefined disposed:false
293 http fetch GET 200 https://registry.npmjs.org/d3-dispatch 28ms (cache miss)
294 silly packumentCache full:https://registry.npmjs.org/d3-dispatch set size:undefined disposed:false
295 http fetch GET 200 https://registry.npmjs.org/d3-interpolate 33ms (cache miss)
296 silly packumentCache full:https://registry.npmjs.org/d3-interpolate set size:undefined disposed:false
297 http fetch GET 200 https://registry.npmjs.org/d3-transition 37ms (cache miss)
298 silly packumentCache full:https://registry.npmjs.org/d3-transition set size:undefined disposed:false
299 silly placeDep ROOT @types/d3-array@3.2.2 OK for: @types/d3@7.4.3 want: *
300 silly placeDep ROOT @types/d3-axis@3.0.6 OK for: @types/d3@7.4.3 want: *
301 silly placeDep ROOT @types/d3-brush@3.0.6 OK for: @types/d3@7.4.3 want: *
302 silly placeDep ROOT @types/d3-chord@3.0.6 OK for: @types/d3@7.4.3 want: *
303 silly placeDep ROOT @types/d3-color@3.1.3 OK for: @types/d3@7.4.3 want: *
304 silly placeDep ROOT @types/d3-contour@3.0.6 OK for: @types/d3@7.4.3 want: *
305 silly placeDep ROOT @types/d3-delaunay@6.0.4 OK for: @types/d3@7.4.3 want: *
306 silly placeDep ROOT @types/d3-dispatch@3.0.7 OK for: @types/d3@7.4.3 want: *
307 silly placeDep ROOT @types/d3-dsv@3.0.7 OK for: @types/d3@7.4.3 want: *
308 silly placeDep ROOT @types/d3-ease@3.0.2 OK for: @types/d3@7.4.3 want: *
309 silly placeDep ROOT @types/d3-fetch@3.0.7 OK for: @types/d3@7.4.3 want: *
310 silly placeDep ROOT @types/d3-force@3.0.10 OK for: @types/d3@7.4.3 want: *
311 silly placeDep ROOT @types/d3-format@3.0.4 OK for: @types/d3@7.4.3 want: *
312 silly placeDep ROOT @types/d3-geo@3.1.0 OK for: @types/d3@7.4.3 want: *
313 silly placeDep ROOT @types/d3-hierarchy@3.1.7 OK for: @types/d3@7.4.3 want: *
314 silly placeDep ROOT @types/d3-interpolate@3.0.4 OK for: @types/d3@7.4.3 want: *
315 silly placeDep ROOT @types/d3-path@3.1.1 OK for: @types/d3@7.4.3 want: *
316 silly placeDep ROOT @types/d3-polygon@3.0.2 OK for: @types/d3@7.4.3 want: *
317 silly placeDep ROOT @types/d3-quadtree@3.0.6 OK for: @types/d3@7.4.3 want: *
318 silly placeDep ROOT @types/d3-random@3.0.3 OK for: @types/d3@7.4.3 want: *
319 silly placeDep ROOT @types/d3-scale@4.0.9 OK for: @types/d3@7.4.3 want: *
320 silly placeDep ROOT @types/d3-scale-chromatic@3.1.0 OK for: @types/d3@7.4.3 want: *
321 silly placeDep ROOT @types/d3-shape@3.1.8 OK for: @types/d3@7.4.3 want: *
322 silly placeDep ROOT @types/d3-time@3.0.4 OK for: @types/d3@7.4.3 want: *
323 silly placeDep ROOT @types/d3-time-format@4.0.3 OK for: @types/d3@7.4.3 want: *
324 silly placeDep ROOT @types/d3-timer@3.0.2 OK for: @types/d3@7.4.3 want: *
325 silly placeDep ROOT @types/d3-transition@3.0.9 OK for: @types/d3@7.4.3 want: *
326 silly fetch manifest @types/geojson@*
327 silly packumentCache full:https://registry.npmjs.org/@types%2fgeojson cache-miss
328 silly fetch manifest @types/geojson@*
329 silly packumentCache full:https://registry.npmjs.org/@types%2fgeojson cache-miss
330 http fetch GET 200 https://registry.npmjs.org/@types%2fgeojson 40ms (cache miss)
331 silly packumentCache full:https://registry.npmjs.org/@types%2fgeojson set size:undefined disposed:false
332 http fetch GET 200 https://registry.npmjs.org/@types%2fgeojson 44ms (cache miss)
333 silly packumentCache full:https://registry.npmjs.org/@types%2fgeojson set size:undefined disposed:false
334 silly placeDep ROOT @types/geojson@7946.0.16 OK for: @types/d3-contour@3.0.6 want: *
335 silly placeDep ROOT d3-dispatch@3.0.1 OK for: d3-drag@3.0.0 want: 1 - 3
336 silly fetch manifest d3-selection@2 - 3
337 silly packumentCache full:https://registry.npmjs.org/d3-selection cache-hit
338 silly placeDep ROOT d3-interpolate@3.0.1 OK for: d3-zoom@3.0.0 want: 1 - 3
339 silly placeDep ROOT d3-transition@3.0.1 OK for: d3-zoom@3.0.0 want: 2 - 3
340 silly fetch manifest d3-color@1 - 3
341 silly packumentCache full:https://registry.npmjs.org/d3-color cache-miss
342 silly fetch manifest d3-color@1 - 3
343 silly packumentCache full:https://registry.npmjs.org/d3-color cache-miss
344 silly fetch manifest d3-ease@1 - 3
345 silly packumentCache full:https://registry.npmjs.org/d3-ease cache-miss
346 silly fetch manifest d3-timer@1 - 3
347 silly packumentCache full:https://registry.npmjs.org/d3-timer cache-miss
348 http fetch GET 200 https://registry.npmjs.org/d3-timer 30ms (cache miss)
349 silly packumentCache full:https://registry.npmjs.org/d3-timer set size:undefined disposed:false
350 http fetch GET 200 https://registry.npmjs.org/d3-ease 31ms (cache miss)
351 silly packumentCache full:https://registry.npmjs.org/d3-ease set size:undefined disposed:false
352 http fetch GET 200 https://registry.npmjs.org/d3-color 40ms (cache miss)
353 silly packumentCache full:https://registry.npmjs.org/d3-color set size:undefined disposed:false
354 http fetch GET 200 https://registry.npmjs.org/d3-color 41ms (cache miss)
355 silly packumentCache full:https://registry.npmjs.org/d3-color set size:undefined disposed:false
356 silly placeDep ROOT d3-color@3.1.0 OK for: d3-interpolate@3.0.1 want: 1 - 3
357 silly placeDep ROOT d3-ease@3.0.1 OK for: d3-transition@3.0.1 want: 1 - 3
358 silly placeDep ROOT d3-timer@3.0.1 OK for: d3-transition@3.0.1 want: 1 - 3
359 silly fetch manifest react@>=16.8
360 silly packumentCache full:https://registry.npmjs.org/react cache-miss
361 http cache https://registry.npmjs.org/react 7ms (cache hit)
362 silly packumentCache full:https://registry.npmjs.org/react set size:6551477 disposed:false
363 silly placeDep ROOT use-sync-external-store@1.6.0 OK for: zustand@4.5.7 want: ^1.2.2
364 silly reify moves {}
365 silly audit bulk request {
365 silly audit   '@babel/code-frame': [ '7.29.0' ],
365 silly audit   '@babel/compat-data': [ '7.29.0' ],
365 silly audit   '@babel/core': [ '7.29.0' ],
365 silly audit   '@babel/generator': [ '7.29.1' ],
365 silly audit   '@babel/helper-compilation-targets': [ '7.28.6' ],
365 silly audit   '@babel/helper-globals': [ '7.28.0' ],
365 silly audit   '@babel/helper-module-imports': [ '7.28.6' ],
365 silly audit   '@babel/helper-module-transforms': [ '7.28.6' ],
365 silly audit   '@babel/helper-string-parser': [ '7.27.1' ],
365 silly audit   '@babel/helper-validator-identifier': [ '7.28.5' ],
365 silly audit   '@babel/helper-validator-option': [ '7.27.1' ],
365 silly audit   '@babel/helpers': [ '7.29.2' ],
365 silly audit   '@babel/parser': [ '7.29.2' ],
365 silly audit   '@babel/template': [ '7.28.6' ],
365 silly audit   '@babel/traverse': [ '7.29.0' ],
365 silly audit   '@babel/types': [ '7.29.0' ],
365 silly audit   '@emnapi/core': [ '1.9.1' ],
365 silly audit   '@emnapi/runtime': [ '1.9.1' ],
365 silly audit   '@emnapi/wasi-threads': [ '1.2.0' ],
365 silly audit   '@eslint-community/eslint-utils': [ '4.9.1' ],
365 silly audit   'eslint-visitor-keys': [ '3.4.3', '4.2.1' ],
365 silly audit   '@eslint-community/regexpp': [ '4.12.2' ],
365 silly audit   '@eslint/config-array': [ '0.21.2' ],
365 silly audit   '@eslint/config-helpers': [ '0.4.2' ],
365 silly audit   '@eslint/core': [ '0.17.0' ],
365 silly audit   '@eslint/eslintrc': [ '3.3.5' ],
365 silly audit   globals: [ '14.0.0', '17.4.0' ],
365 silly audit   '@eslint/js': [ '9.39.4' ],
365 silly audit   '@eslint/object-schema': [ '2.1.7' ],
365 silly audit   '@eslint/plugin-kit': [ '0.4.1' ],
365 silly audit   '@humanfs/core': [ '0.19.1' ],
365 silly audit   '@humanfs/node': [ '0.16.7' ],
365 silly audit   '@humanwhocodes/module-importer': [ '1.0.1' ],
365 silly audit   '@humanwhocodes/retry': [ '0.4.3' ],
365 silly audit   '@jridgewell/gen-mapping': [ '0.3.13' ],
365 silly audit   '@jridgewell/remapping': [ '2.3.5' ],
365 silly audit   '@jridgewell/resolve-uri': [ '3.1.2' ],
365 silly audit   '@jridgewell/sourcemap-codec': [ '1.5.5' ],
365 silly audit   '@jridgewell/trace-mapping': [ '0.3.31' ],
365 silly audit   '@napi-rs/wasm-runtime': [ '1.1.1' ],
365 silly audit   '@oxc-project/types': [ '0.120.0' ],
365 silly audit   '@rolldown/binding-android-arm64': [ '1.0.0-rc.10' ],
365 silly audit   '@rolldown/binding-darwin-arm64': [ '1.0.0-rc.10' ],
365 silly audit   '@rolldown/binding-darwin-x64': [ '1.0.0-rc.10' ],
365 silly audit   '@rolldown/binding-freebsd-x64': [ '1.0.0-rc.10' ],
365 silly audit   '@rolldown/binding-linux-arm-gnueabihf': [ '1.0.0-rc.10' ],
365 silly audit   '@rolldown/binding-linux-arm64-gnu': [ '1.0.0-rc.10' ],
365 silly audit   '@rolldown/binding-linux-arm64-musl': [ '1.0.0-rc.10' ],
365 silly audit   '@rolldown/binding-linux-ppc64-gnu': [ '1.0.0-rc.10' ],
365 silly audit   '@rolldown/binding-linux-s390x-gnu': [ '1.0.0-rc.10' ],
365 silly audit   '@rolldown/binding-linux-x64-gnu': [ '1.0.0-rc.10' ],
365 silly audit   '@rolldown/binding-linux-x64-musl': [ '1.0.0-rc.10' ],
365 silly audit   '@rolldown/binding-openharmony-arm64': [ '1.0.0-rc.10' ],
365 silly audit   '@rolldown/binding-wasm32-wasi': [ '1.0.0-rc.10' ],
365 silly audit   '@rolldown/binding-win32-arm64-msvc': [ '1.0.0-rc.10' ],
365 silly audit   '@rolldown/binding-win32-x64-msvc': [ '1.0.0-rc.10' ],
365 silly audit   '@rolldown/pluginutils': [ '1.0.0-rc.7', '1.0.0-rc.10' ],
365 silly audit   '@tybys/wasm-util': [ '0.10.1' ],
365 silly audit   '@types/estree': [ '1.0.8' ],
365 silly audit   '@types/json-schema': [ '7.0.15' ],
365 silly audit   '@types/react': [ '19.2.14' ],
365 silly audit   '@types/react-dom': [ '19.2.3' ],
365 silly audit   '@vitejs/plugin-react': [ '6.0.1' ],
365 silly audit   acorn: [ '8.16.0' ],
365 silly audit   'acorn-jsx': [ '5.3.2' ],
365 silly audit   ajv: [ '6.14.0' ],
365 silly audit   'ansi-styles': [ '4.3.0' ],
365 silly audit   argparse: [ '2.0.1' ],
365 silly audit   'balanced-match': [ '1.0.2' ],
365 silly audit   'baseline-browser-mapping': [ '2.10.9' ],
365 silly audit   'brace-expansion': [ '1.1.12' ],
365 silly audit   browserslist: [ '4.28.1' ],
365 silly audit   callsites: [ '3.1.0' ],
365 silly audit   'caniuse-lite': [ '1.0.30001780' ],
365 silly audit   chalk: [ '4.1.2' ],
365 silly audit   'color-convert': [ '2.0.1' ],
365 silly audit   'color-name': [ '1.1.4' ],
365 silly audit   'concat-map': [ '0.0.1' ],
365 silly audit   'convert-source-map': [ '2.0.0' ],
365 silly audit   'cross-spawn': [ '7.0.6' ],
365 silly audit   csstype: [ '3.2.3' ],
365 silly audit   debug: [ '4.4.3' ],
365 silly audit   'deep-is': [ '0.1.4' ],
365 silly audit   'detect-libc': [ '2.1.2' ],
365 silly audit   'electron-to-chromium': [ '1.5.321' ],
365 silly audit   escalade: [ '3.2.0' ],
365 silly audit   'escape-string-regexp': [ '4.0.0' ],
365 silly audit   eslint: [ '9.39.4' ],
365 silly audit   'eslint-plugin-react-hooks': [ '7.0.1' ],
365 silly audit   'eslint-plugin-react-refresh': [ '0.5.2' ],
365 silly audit   'eslint-scope': [ '8.4.0' ],
365 silly audit   espree: [ '10.4.0' ],
365 silly audit   esquery: [ '1.7.0' ],
365 silly audit   esrecurse: [ '4.3.0' ],
365 silly audit   estraverse: [ '5.3.0' ],
365 silly audit   esutils: [ '2.0.3' ],
365 silly audit   'fast-deep-equal': [ '3.1.3' ],
365 silly audit   'fast-json-stable-stringify': [ '2.1.0' ],
365 silly audit   'fast-levenshtein': [ '2.0.6' ],
365 silly audit   fdir: [ '6.5.0' ],
365 silly audit   'file-entry-cache': [ '8.0.0' ],
365 silly audit   'find-up': [ '5.0.0' ],
365 silly audit   'flat-cache': [ '4.0.1' ],
365 silly audit   flatted: [ '3.4.2' ],
365 silly audit   fsevents: [ '2.3.3' ],
365 silly audit   gensync: [ '1.0.0-beta.2' ],
365 silly audit   'glob-parent': [ '6.0.2' ],
365 silly audit   'has-flag': [ '4.0.0' ],
365 silly audit   'hermes-estree': [ '0.25.1' ],
365 silly audit   'hermes-parser': [ '0.25.1' ],
365 silly audit   ignore: [ '5.3.2' ],
365 silly audit   'import-fresh': [ '3.3.1' ],
365 silly audit   imurmurhash: [ '0.1.4' ],
365 silly audit   'is-extglob': [ '2.1.1' ],
365 silly audit   'is-glob': [ '4.0.3' ],
365 silly audit   isexe: [ '2.0.0' ],
365 silly audit   'js-tokens': [ '4.0.0' ],
365 silly audit   'js-yaml': [ '4.1.1' ],
365 silly audit   jsesc: [ '3.1.0' ],
365 silly audit   'json-buffer': [ '3.0.1' ],
365 silly audit   'json-schema-traverse': [ '0.4.1' ],
365 silly audit   'json-stable-stringify-without-jsonify': [ '1.0.1' ],
365 silly audit   json5: [ '2.2.3' ],
365 silly audit   keyv: [ '4.5.4' ],
365 silly audit   levn: [ '0.4.1' ],
365 silly audit   lightningcss: [ '1.32.0' ],
365 silly audit   'lightningcss-android-arm64': [ '1.32.0' ],
365 silly audit   'lightningcss-darwin-arm64': [ '1.32.0' ],
365 silly audit   'lightningcss-darwin-x64': [ '1.32.0' ],
365 silly audit   'lightningcss-freebsd-x64': [ '1.32.0' ],
365 silly audit   'lightningcss-linux-arm-gnueabihf': [ '1.32.0' ],
365 silly audit   'lightningcss-linux-arm64-gnu': [ '1.32.0' ],
365 silly audit   'lightningcss-linux-arm64-musl': [ '1.32.0' ],
365 silly audit   'lightningcss-linux-x64-gnu': [ '1.32.0' ],
365 silly audit   'lightningcss-linux-x64-musl': [ '1.32.0' ],
365 silly audit   'lightningcss-win32-arm64-msvc': [ '1.32.0' ],
365 silly audit   'lightningcss-win32-x64-msvc': [ '1.32.0' ],
365 silly audit   'locate-path': [ '6.0.0' ],
365 silly audit   'lodash.merge': [ '4.6.2' ],
365 silly audit   'lru-cache': [ '5.1.1' ],
365 silly audit   minimatch: [ '3.1.5' ],
365 silly audit   ms: [ '2.1.3' ],
365 silly audit   nanoid: [ '3.3.11' ],
365 silly audit   'natural-compare': [ '1.4.0' ],
365 silly audit   'node-releases': [ '2.0.36' ],
365 silly audit   optionator: [ '0.9.4' ],
365 silly audit   'p-limit': [ '3.1.0' ],
365 silly audit   'p-locate': [ '5.0.0' ],
365 silly audit   'parent-module': [ '1.0.1' ],
365 silly audit   'path-exists': [ '4.0.0' ],
365 silly audit   'path-key': [ '3.1.1' ],
365 silly audit   picocolors: [ '1.1.1' ],
365 silly audit   picomatch: [ '4.0.3' ],
365 silly audit   postcss: [ '8.5.8' ],
365 silly audit   'prelude-ls': [ '1.2.1' ],
365 silly audit   punycode: [ '2.3.1' ],
365 silly audit   react: [ '19.2.4' ],
365 silly audit   'react-dom': [ '19.2.4' ],
365 silly audit   'resolve-from': [ '4.0.0' ],
365 silly audit   rolldown: [ '1.0.0-rc.10' ],
365 silly audit   scheduler: [ '0.27.0' ],
365 silly audit   semver: [ '6.3.1' ],
365 silly audit   'shebang-command': [ '2.0.0' ],
365 silly audit   'shebang-regex': [ '3.0.0' ],
365 silly audit   'source-map-js': [ '1.2.1' ],
365 silly audit   'strip-json-comments': [ '3.1.1' ],
365 silly audit   'supports-color': [ '7.2.0' ],
365 silly audit   tinyglobby: [ '0.2.15' ],
365 silly audit   tslib: [ '2.8.1' ],
365 silly audit   'type-check': [ '0.4.0' ],
365 silly audit   'update-browserslist-db': [ '1.2.3' ],
365 silly audit   'uri-js': [ '4.4.1' ],
365 silly audit   vite: [ '8.0.1' ],
365 silly audit   which: [ '2.0.2' ],
365 silly audit   'word-wrap': [ '1.2.5' ],
365 silly audit   yallist: [ '3.1.1' ],
365 silly audit   'yocto-queue': [ '0.1.0' ],
365 silly audit   zod: [ '4.3.6' ],
365 silly audit   'zod-validation-error': [ '4.0.2' ],
365 silly audit   'lucide-react': [ '0.577.0' ],
365 silly audit   reactflow: [ '11.11.4' ],
365 silly audit   '@reactflow/background': [ '11.3.14' ],
365 silly audit   '@reactflow/controls': [ '11.2.14' ],
365 silly audit   '@reactflow/core': [ '11.11.4' ],
365 silly audit   '@reactflow/minimap': [ '11.7.14' ],
365 silly audit   '@reactflow/node-resizer': [ '2.2.14' ],
365 silly audit   '@reactflow/node-toolbar': [ '1.3.14' ],
365 silly audit   classcat: [ '5.0.5' ],
365 silly audit   zustand: [ '4.5.7' ],
365 silly audit   '@types/d3': [ '7.4.3' ],
365 silly audit   '@types/d3-drag': [ '3.0.7' ],
365 silly audit   '@types/d3-selection': [ '3.0.11' ],
365 silly audit   '@types/d3-zoom': [ '3.0.8' ],
365 silly audit   'd3-drag': [ '3.0.0' ],
365 silly audit   'd3-selection': [ '3.0.0' ],
365 silly audit   'd3-zoom': [ '3.0.0' ],
365 silly audit   '@types/d3-array': [ '3.2.2' ],
365 silly audit   '@types/d3-axis': [ '3.0.6' ],
365 silly audit   '@types/d3-brush': [ '3.0.6' ],
365 silly audit   '@types/d3-chord': [ '3.0.6' ],
365 silly audit   '@types/d3-color': [ '3.1.3' ],
365 silly audit   '@types/d3-contour': [ '3.0.6' ],
365 silly audit   '@types/d3-delaunay': [ '6.0.4' ],
365 silly audit   '@types/d3-dispatch': [ '3.0.7' ],
365 silly audit   '@types/d3-dsv': [ '3.0.7' ],
365 silly audit   '@types/d3-ease': [ '3.0.2' ],
365 silly audit   '@types/d3-fetch': [ '3.0.7' ],
365 silly audit   '@types/d3-force': [ '3.0.10' ],
365 silly audit   '@types/d3-format': [ '3.0.4' ],
365 silly audit   '@types/d3-geo': [ '3.1.0' ],
365 silly audit   '@types/d3-hierarchy': [ '3.1.7' ],
365 silly audit   '@types/d3-interpolate': [ '3.0.4' ],
365 silly audit   '@types/d3-path': [ '3.1.1' ],
365 silly audit   '@types/d3-polygon': [ '3.0.2' ],
365 silly audit   '@types/d3-quadtree': [ '3.0.6' ],
365 silly audit   '@types/d3-random': [ '3.0.3' ],
365 silly audit   '@types/d3-scale': [ '4.0.9' ],
365 silly audit   '@types/d3-scale-chromatic': [ '3.1.0' ],
365 silly audit   '@types/d3-shape': [ '3.1.8' ],
365 silly audit   '@types/d3-time': [ '3.0.4' ],
365 silly audit   '@types/d3-time-format': [ '4.0.3' ],
365 silly audit   '@types/d3-timer': [ '3.0.2' ],
365 silly audit   '@types/d3-transition': [ '3.0.9' ],
365 silly audit   '@types/geojson': [ '7946.0.16' ],
365 silly audit   'd3-dispatch': [ '3.0.1' ],
365 silly audit   'd3-interpolate': [ '3.0.1' ],
365 silly audit   'd3-transition': [ '3.0.1' ],
365 silly audit   'd3-color': [ '3.1.0' ],
365 silly audit   'd3-ease': [ '3.0.1' ],
365 silly audit   'd3-timer': [ '3.0.1' ],
365 silly audit   'use-sync-external-store': [ '1.6.0' ]
365 silly audit }
366 http cache d3-timer@https://registry.npmjs.org/d3-timer/-/d3-timer-3.0.1.tgz 0ms (cache hit)
367 http cache use-sync-external-store@https://registry.npmjs.org/use-sync-external-store/-/use-sync-external-store-1.6.0.tgz 0ms (cache hit)
368 http cache d3-ease@https://registry.npmjs.org/d3-ease/-/d3-ease-3.0.1.tgz 0ms (cache hit)
369 http cache d3-color@https://registry.npmjs.org/d3-color/-/d3-color-3.1.0.tgz 0ms (cache hit)
370 http cache d3-transition@https://registry.npmjs.org/d3-transition/-/d3-transition-3.0.1.tgz 0ms (cache hit)
371 http cache d3-interpolate@https://registry.npmjs.org/d3-interpolate/-/d3-interpolate-3.0.1.tgz 0ms (cache hit)
372 http cache @types/geojson@https://registry.npmjs.org/@types/geojson/-/geojson-7946.0.16.tgz 0ms (cache hit)
373 http cache @types/d3-transition@https://registry.npmjs.org/@types/d3-transition/-/d3-transition-3.0.9.tgz 0ms (cache hit)
374 http cache @types/d3-timer@https://registry.npmjs.org/@types/d3-timer/-/d3-timer-3.0.2.tgz 0ms (cache hit)
375 http cache @types/d3-time-format@https://registry.npmjs.org/@types/d3-time-format/-/d3-time-format-4.0.3.tgz 0ms (cache hit)
376 http cache @types/d3-time@https://registry.npmjs.org/@types/d3-time/-/d3-time-3.0.4.tgz 0ms (cache hit)
377 http cache @types/d3-scale@https://registry.npmjs.org/@types/d3-scale/-/d3-scale-4.0.9.tgz 0ms (cache hit)
378 http cache @types/d3-scale-chromatic@https://registry.npmjs.org/@types/d3-scale-chromatic/-/d3-scale-chromatic-3.1.0.tgz 0ms (cache hit)
379 http cache @types/d3-shape@https://registry.npmjs.org/@types/d3-shape/-/d3-shape-3.1.8.tgz 0ms (cache hit)
380 http cache @types/d3-random@https://registry.npmjs.org/@types/d3-random/-/d3-random-3.0.3.tgz 0ms (cache hit)
381 http cache @types/d3-polygon@https://registry.npmjs.org/@types/d3-polygon/-/d3-polygon-3.0.2.tgz 0ms (cache hit)
382 http cache @types/d3-path@https://registry.npmjs.org/@types/d3-path/-/d3-path-3.1.1.tgz 0ms (cache hit)
383 http cache @types/d3-quadtree@https://registry.npmjs.org/@types/d3-quadtree/-/d3-quadtree-3.0.6.tgz 0ms (cache hit)
384 http cache @types/d3-format@https://registry.npmjs.org/@types/d3-format/-/d3-format-3.0.4.tgz 0ms (cache hit)
385 http cache @types/d3-geo@https://registry.npmjs.org/@types/d3-geo/-/d3-geo-3.1.0.tgz 0ms (cache hit)
386 http cache @types/d3-force@https://registry.npmjs.org/@types/d3-force/-/d3-force-3.0.10.tgz 0ms (cache hit)
387 http cache @types/d3-fetch@https://registry.npmjs.org/@types/d3-fetch/-/d3-fetch-3.0.7.tgz 0ms (cache hit)
388 http cache @types/d3-ease@https://registry.npmjs.org/@types/d3-ease/-/d3-ease-3.0.2.tgz 0ms (cache hit)
389 http cache @types/d3-interpolate@https://registry.npmjs.org/@types/d3-interpolate/-/d3-interpolate-3.0.4.tgz 0ms (cache hit)
390 http cache d3-dispatch@https://registry.npmjs.org/d3-dispatch/-/d3-dispatch-3.0.1.tgz 0ms (cache hit)
391 http cache @types/d3-dsv@https://registry.npmjs.org/@types/d3-dsv/-/d3-dsv-3.0.7.tgz 0ms (cache hit)
392 http cache @types/d3-dispatch@https://registry.npmjs.org/@types/d3-dispatch/-/d3-dispatch-3.0.7.tgz 0ms (cache hit)
393 http cache @types/d3-contour@https://registry.npmjs.org/@types/d3-contour/-/d3-contour-3.0.6.tgz 0ms (cache hit)
394 http cache @types/d3-hierarchy@https://registry.npmjs.org/@types/d3-hierarchy/-/d3-hierarchy-3.1.7.tgz 0ms (cache hit)
395 http cache @types/d3-color@https://registry.npmjs.org/@types/d3-color/-/d3-color-3.1.3.tgz 0ms (cache hit)
396 http cache @types/d3-delaunay@https://registry.npmjs.org/@types/d3-delaunay/-/d3-delaunay-6.0.4.tgz 0ms (cache hit)
397 http cache @types/d3-brush@https://registry.npmjs.org/@types/d3-brush/-/d3-brush-3.0.6.tgz 0ms (cache hit)
398 http cache @types/d3-axis@https://registry.npmjs.org/@types/d3-axis/-/d3-axis-3.0.6.tgz 0ms (cache hit)
399 http cache @types/d3-array@https://registry.npmjs.org/@types/d3-array/-/d3-array-3.2.2.tgz 0ms (cache hit)
400 http cache d3-zoom@https://registry.npmjs.org/d3-zoom/-/d3-zoom-3.0.0.tgz 0ms (cache hit)
401 http cache @types/d3-chord@https://registry.npmjs.org/@types/d3-chord/-/d3-chord-3.0.6.tgz 0ms (cache hit)
402 http cache @types/d3-zoom@https://registry.npmjs.org/@types/d3-zoom/-/d3-zoom-3.0.8.tgz 0ms (cache hit)
403 http cache d3-selection@https://registry.npmjs.org/d3-selection/-/d3-selection-3.0.0.tgz 0ms (cache hit)
404 http cache @types/d3-selection@https://registry.npmjs.org/@types/d3-selection/-/d3-selection-3.0.11.tgz 0ms (cache hit)
405 http cache d3-drag@https://registry.npmjs.org/d3-drag/-/d3-drag-3.0.0.tgz 0ms (cache hit)
406 http cache zustand@https://registry.npmjs.org/zustand/-/zustand-4.5.7.tgz 0ms (cache hit)
407 http cache @types/d3-drag@https://registry.npmjs.org/@types/d3-drag/-/d3-drag-3.0.7.tgz 0ms (cache hit)
408 http cache @types/d3@https://registry.npmjs.org/@types/d3/-/d3-7.4.3.tgz 0ms (cache hit)
409 http cache @reactflow/node-toolbar@https://registry.npmjs.org/@reactflow/node-toolbar/-/node-toolbar-1.3.14.tgz 0ms (cache hit)
410 http cache @reactflow/minimap@https://registry.npmjs.org/@reactflow/minimap/-/minimap-11.7.14.tgz 0ms (cache hit)
411 http cache @reactflow/background@https://registry.npmjs.org/@reactflow/background/-/background-11.3.14.tgz 0ms (cache hit)
412 http cache @reactflow/controls@https://registry.npmjs.org/@reactflow/controls/-/controls-11.2.14.tgz 0ms (cache hit)
413 http cache @reactflow/core@https://registry.npmjs.org/@reactflow/core/-/core-11.11.4.tgz 0ms (cache hit)
414 http cache @reactflow/node-resizer@https://registry.npmjs.org/@reactflow/node-resizer/-/node-resizer-2.2.14.tgz 0ms (cache hit)
415 http cache classcat@https://registry.npmjs.org/classcat/-/classcat-5.0.5.tgz 0ms (cache hit)
416 silly tarball no local data for d3-timer@https://registry.npmjs.org/d3-timer/-/d3-timer-3.0.1.tgz. Extracting by manifest.
417 silly tarball no local data for use-sync-external-store@https://registry.npmjs.org/use-sync-external-store/-/use-sync-external-store-1.6.0.tgz. Extracting by manifest.
418 silly tarball no local data for d3-ease@https://registry.npmjs.org/d3-ease/-/d3-ease-3.0.1.tgz. Extracting by manifest.
419 silly tarball no local data for d3-color@https://registry.npmjs.org/d3-color/-/d3-color-3.1.0.tgz. Extracting by manifest.
420 silly tarball no local data for d3-transition@https://registry.npmjs.org/d3-transition/-/d3-transition-3.0.1.tgz. Extracting by manifest.
421 silly tarball no local data for d3-interpolate@https://registry.npmjs.org/d3-interpolate/-/d3-interpolate-3.0.1.tgz. Extracting by manifest.
422 silly tarball no local data for @types/geojson@https://registry.npmjs.org/@types/geojson/-/geojson-7946.0.16.tgz. Extracting by manifest.
423 silly tarball no local data for @types/d3-transition@https://registry.npmjs.org/@types/d3-transition/-/d3-transition-3.0.9.tgz. Extracting by manifest.
424 http cache lucide-react@https://registry.npmjs.org/lucide-react/-/lucide-react-0.577.0.tgz 0ms (cache hit)
425 silly tarball no local data for @types/d3-timer@https://registry.npmjs.org/@types/d3-timer/-/d3-timer-3.0.2.tgz. Extracting by manifest.
426 http cache reactflow@https://registry.npmjs.org/reactflow/-/reactflow-11.11.4.tgz 0ms (cache hit)
427 silly tarball no local data for @types/d3-time-format@https://registry.npmjs.org/@types/d3-time-format/-/d3-time-format-4.0.3.tgz. Extracting by manifest.
428 silly tarball no local data for @types/d3-time@https://registry.npmjs.org/@types/d3-time/-/d3-time-3.0.4.tgz. Extracting by manifest.
429 silly tarball no local data for @types/d3-scale@https://registry.npmjs.org/@types/d3-scale/-/d3-scale-4.0.9.tgz. Extracting by manifest.
430 silly tarball no local data for @types/d3-scale-chromatic@https://registry.npmjs.org/@types/d3-scale-chromatic/-/d3-scale-chromatic-3.1.0.tgz. Extracting by manifest.
431 silly tarball no local data for @types/d3-shape@https://registry.npmjs.org/@types/d3-shape/-/d3-shape-3.1.8.tgz. Extracting by manifest.
432 silly tarball no local data for @types/d3-random@https://registry.npmjs.org/@types/d3-random/-/d3-random-3.0.3.tgz. Extracting by manifest.
433 silly tarball no local data for @types/d3-polygon@https://registry.npmjs.org/@types/d3-polygon/-/d3-polygon-3.0.2.tgz. Extracting by manifest.
434 silly tarball no local data for @types/d3-path@https://registry.npmjs.org/@types/d3-path/-/d3-path-3.1.1.tgz. Extracting by manifest.
435 silly tarball no local data for @types/d3-quadtree@https://registry.npmjs.org/@types/d3-quadtree/-/d3-quadtree-3.0.6.tgz. Extracting by manifest.
436 silly tarball no local data for @types/d3-format@https://registry.npmjs.org/@types/d3-format/-/d3-format-3.0.4.tgz. Extracting by manifest.
437 silly tarball no local data for @types/d3-geo@https://registry.npmjs.org/@types/d3-geo/-/d3-geo-3.1.0.tgz. Extracting by manifest.
438 silly tarball no local data for @types/d3-force@https://registry.npmjs.org/@types/d3-force/-/d3-force-3.0.10.tgz. Extracting by manifest.
439 silly tarball no local data for @types/d3-fetch@https://registry.npmjs.org/@types/d3-fetch/-/d3-fetch-3.0.7.tgz. Extracting by manifest.
440 silly tarball no local data for @types/d3-ease@https://registry.npmjs.org/@types/d3-ease/-/d3-ease-3.0.2.tgz. Extracting by manifest.
441 silly tarball no local data for @types/d3-interpolate@https://registry.npmjs.org/@types/d3-interpolate/-/d3-interpolate-3.0.4.tgz. Extracting by manifest.
442 silly tarball no local data for d3-dispatch@https://registry.npmjs.org/d3-dispatch/-/d3-dispatch-3.0.1.tgz. Extracting by manifest.
443 silly tarball no local data for @types/d3-dsv@https://registry.npmjs.org/@types/d3-dsv/-/d3-dsv-3.0.7.tgz. Extracting by manifest.
444 silly tarball no local data for @types/d3-dispatch@https://registry.npmjs.org/@types/d3-dispatch/-/d3-dispatch-3.0.7.tgz. Extracting by manifest.
445 silly tarball no local data for @types/d3-contour@https://registry.npmjs.org/@types/d3-contour/-/d3-contour-3.0.6.tgz. Extracting by manifest.
446 silly tarball no local data for @types/d3-hierarchy@https://registry.npmjs.org/@types/d3-hierarchy/-/d3-hierarchy-3.1.7.tgz. Extracting by manifest.
447 silly tarball no local data for @types/d3-color@https://registry.npmjs.org/@types/d3-color/-/d3-color-3.1.3.tgz. Extracting by manifest.
448 silly tarball no local data for @types/d3-delaunay@https://registry.npmjs.org/@types/d3-delaunay/-/d3-delaunay-6.0.4.tgz. Extracting by manifest.
449 silly tarball no local data for @types/d3-brush@https://registry.npmjs.org/@types/d3-brush/-/d3-brush-3.0.6.tgz. Extracting by manifest.
450 silly tarball no local data for @types/d3-axis@https://registry.npmjs.org/@types/d3-axis/-/d3-axis-3.0.6.tgz. Extracting by manifest.
451 silly tarball no local data for @types/d3-array@https://registry.npmjs.org/@types/d3-array/-/d3-array-3.2.2.tgz. Extracting by manifest.
452 silly tarball no local data for d3-zoom@https://registry.npmjs.org/d3-zoom/-/d3-zoom-3.0.0.tgz. Extracting by manifest.
453 silly tarball no local data for @types/d3-chord@https://registry.npmjs.org/@types/d3-chord/-/d3-chord-3.0.6.tgz. Extracting by manifest.
454 silly tarball no local data for @types/d3-zoom@https://registry.npmjs.org/@types/d3-zoom/-/d3-zoom-3.0.8.tgz. Extracting by manifest.
455 silly tarball no local data for d3-selection@https://registry.npmjs.org/d3-selection/-/d3-selection-3.0.0.tgz. Extracting by manifest.
456 silly tarball no local data for @types/d3-selection@https://registry.npmjs.org/@types/d3-selection/-/d3-selection-3.0.11.tgz. Extracting by manifest.
457 silly tarball no local data for d3-drag@https://registry.npmjs.org/d3-drag/-/d3-drag-3.0.0.tgz. Extracting by manifest.
458 silly tarball no local data for zustand@https://registry.npmjs.org/zustand/-/zustand-4.5.7.tgz. Extracting by manifest.
459 silly tarball no local data for @types/d3-drag@https://registry.npmjs.org/@types/d3-drag/-/d3-drag-3.0.7.tgz. Extracting by manifest.
460 silly tarball no local data for @types/d3@https://registry.npmjs.org/@types/d3/-/d3-7.4.3.tgz. Extracting by manifest.
461 silly tarball no local data for @reactflow/node-toolbar@https://registry.npmjs.org/@reactflow/node-toolbar/-/node-toolbar-1.3.14.tgz. Extracting by manifest.
462 silly tarball no local data for @reactflow/minimap@https://registry.npmjs.org/@reactflow/minimap/-/minimap-11.7.14.tgz. Extracting by manifest.
463 silly tarball no local data for @reactflow/background@https://registry.npmjs.org/@reactflow/background/-/background-11.3.14.tgz. Extracting by manifest.
464 silly tarball no local data for @reactflow/controls@https://registry.npmjs.org/@reactflow/controls/-/controls-11.2.14.tgz. Extracting by manifest.
465 silly tarball no local data for @reactflow/core@https://registry.npmjs.org/@reactflow/core/-/core-11.11.4.tgz. Extracting by manifest.
466 silly tarball no local data for @reactflow/node-resizer@https://registry.npmjs.org/@reactflow/node-resizer/-/node-resizer-2.2.14.tgz. Extracting by manifest.
467 silly tarball no local data for classcat@https://registry.npmjs.org/classcat/-/classcat-5.0.5.tgz. Extracting by manifest.
468 silly tarball no local data for lucide-react@https://registry.npmjs.org/lucide-react/-/lucide-react-0.577.0.tgz. Extracting by manifest.
469 silly tarball no local data for reactflow@https://registry.npmjs.org/reactflow/-/reactflow-11.11.4.tgz. Extracting by manifest.
470 http fetch GET 200 https://registry.npmjs.org/d3-color/-/d3-color-3.1.0.tgz 65ms (cache miss)
471 http fetch GET 200 https://registry.npmjs.org/d3-timer/-/d3-timer-3.0.1.tgz 67ms (cache miss)
472 http fetch GET 200 https://registry.npmjs.org/use-sync-external-store/-/use-sync-external-store-1.6.0.tgz 68ms (cache miss)
473 http fetch GET 200 https://registry.npmjs.org/d3-ease/-/d3-ease-3.0.1.tgz 68ms (cache miss)
474 http fetch GET 200 https://registry.npmjs.org/d3-interpolate/-/d3-interpolate-3.0.1.tgz 70ms (cache miss)
475 http fetch GET 200 https://registry.npmjs.org/d3-transition/-/d3-transition-3.0.1.tgz 70ms (cache miss)
476 http fetch GET 200 https://registry.npmjs.org/@types/d3-polygon/-/d3-polygon-3.0.2.tgz 77ms (cache miss)
477 http fetch GET 200 https://registry.npmjs.org/@types/d3-random/-/d3-random-3.0.3.tgz 80ms (cache miss)
478 http fetch GET 200 https://registry.npmjs.org/@types/d3-quadtree/-/d3-quadtree-3.0.6.tgz 88ms (cache miss)
479 http fetch GET 200 https://registry.npmjs.org/@types/d3-path/-/d3-path-3.1.1.tgz 89ms (cache miss)
480 http fetch GET 200 https://registry.npmjs.org/@types/d3-time/-/d3-time-3.0.4.tgz 95ms (cache miss)
481 http fetch GET 200 https://registry.npmjs.org/@types/d3-scale-chromatic/-/d3-scale-chromatic-3.1.0.tgz 96ms (cache miss)
482 http fetch GET 200 https://registry.npmjs.org/@types/geojson/-/geojson-7946.0.16.tgz 101ms (cache miss)
483 http fetch GET 200 https://registry.npmjs.org/@types/d3-geo/-/d3-geo-3.1.0.tgz 99ms (cache miss)
484 http fetch GET 200 https://registry.npmjs.org/@types/d3-format/-/d3-format-3.0.4.tgz 101ms (cache miss)
485 http fetch GET 200 https://registry.npmjs.org/@types/d3-timer/-/d3-timer-3.0.2.tgz 103ms (cache miss)
486 http fetch GET 200 https://registry.npmjs.org/@types/d3-time-format/-/d3-time-format-4.0.3.tgz 103ms (cache miss)
487 http fetch GET 200 https://registry.npmjs.org/@types/d3-scale/-/d3-scale-4.0.9.tgz 104ms (cache miss)
488 http fetch GET 200 https://registry.npmjs.org/@types/d3-transition/-/d3-transition-3.0.9.tgz 106ms (cache miss)
489 http fetch GET 200 https://registry.npmjs.org/@types/d3-force/-/d3-force-3.0.10.tgz 110ms (cache miss)
490 http fetch GET 200 https://registry.npmjs.org/@types/d3-shape/-/d3-shape-3.1.8.tgz 118ms (cache miss)
491 http fetch GET 200 https://registry.npmjs.org/@types/d3-fetch/-/d3-fetch-3.0.7.tgz 117ms (cache miss)
492 http fetch GET 200 https://registry.npmjs.org/@types/d3-ease/-/d3-ease-3.0.2.tgz 117ms (cache miss)
493 http fetch GET 200 https://registry.npmjs.org/d3-dispatch/-/d3-dispatch-3.0.1.tgz 117ms (cache miss)
494 http fetch GET 200 https://registry.npmjs.org/@types/d3-dsv/-/d3-dsv-3.0.7.tgz 124ms (cache miss)
495 http fetch GET 200 https://registry.npmjs.org/@types/d3-dispatch/-/d3-dispatch-3.0.7.tgz 123ms (cache miss)
496 http fetch GET 200 https://registry.npmjs.org/@types/d3-color/-/d3-color-3.1.3.tgz 128ms (cache miss)
497 http fetch GET 200 https://registry.npmjs.org/@types/d3-hierarchy/-/d3-hierarchy-3.1.7.tgz 134ms (cache miss)
498 http fetch GET 200 https://registry.npmjs.org/@types/d3-delaunay/-/d3-delaunay-6.0.4.tgz 134ms (cache miss)
499 http fetch GET 200 https://registry.npmjs.org/@types/d3-array/-/d3-array-3.2.2.tgz 144ms (cache miss)
500 http fetch GET 200 https://registry.npmjs.org/@types/d3-axis/-/d3-axis-3.0.6.tgz 148ms (cache miss)
501 http fetch GET 200 https://registry.npmjs.org/@types/d3-brush/-/d3-brush-3.0.6.tgz 149ms (cache miss)
502 http fetch GET 200 https://registry.npmjs.org/@types/d3-chord/-/d3-chord-3.0.6.tgz 154ms (cache miss)
503 http fetch POST 200 https://registry.npmjs.org/-/npm/v1/security/advisories/bulk 180ms
504 silly audit report {}
505 http fetch GET 200 https://registry.npmjs.org/@types/d3-contour/-/d3-contour-3.0.6.tgz 168ms (cache miss)
506 http fetch GET 200 https://registry.npmjs.org/@types/d3-zoom/-/d3-zoom-3.0.8.tgz 168ms (cache miss)
507 http fetch GET 200 https://registry.npmjs.org/@types/d3-selection/-/d3-selection-3.0.11.tgz 175ms (cache miss)
508 http fetch GET 200 https://registry.npmjs.org/d3-drag/-/d3-drag-3.0.0.tgz 176ms (cache miss)
509 http fetch GET 200 https://registry.npmjs.org/@types/d3/-/d3-7.4.3.tgz 175ms (cache miss)
510 http fetch GET 200 https://registry.npmjs.org/d3-selection/-/d3-selection-3.0.0.tgz 177ms (cache miss)
511 http fetch GET 200 https://registry.npmjs.org/@types/d3-drag/-/d3-drag-3.0.7.tgz 177ms (cache miss)
512 http fetch GET 200 https://registry.npmjs.org/d3-zoom/-/d3-zoom-3.0.0.tgz 187ms (cache miss)
513 http fetch GET 200 https://registry.npmjs.org/classcat/-/classcat-5.0.5.tgz 199ms (cache miss)
514 http fetch GET 200 https://registry.npmjs.org/@types/d3-interpolate/-/d3-interpolate-3.0.4.tgz 207ms (cache miss)
515 http fetch GET 200 https://registry.npmjs.org/@reactflow/minimap/-/minimap-11.7.14.tgz 203ms (cache miss)
516 http fetch GET 200 https://registry.npmjs.org/@reactflow/node-toolbar/-/node-toolbar-1.3.14.tgz 211ms (cache miss)
517 http fetch GET 200 https://registry.npmjs.org/reactflow/-/reactflow-11.11.4.tgz 208ms (cache miss)
518 http fetch GET 200 https://registry.npmjs.org/@reactflow/background/-/background-11.3.14.tgz 226ms (cache miss)
519 http fetch GET 200 https://registry.npmjs.org/@reactflow/node-resizer/-/node-resizer-2.2.14.tgz 241ms (cache miss)
520 http fetch GET 200 https://registry.npmjs.org/@reactflow/controls/-/controls-11.2.14.tgz 244ms (cache miss)
521 http fetch GET 200 https://registry.npmjs.org/zustand/-/zustand-4.5.7.tgz 268ms (cache miss)
522 http fetch GET 200 https://registry.npmjs.org/@reactflow/core/-/core-11.11.4.tgz 351ms (cache miss)
523 http fetch GET 200 https://registry.npmjs.org/lucide-react/-/lucide-react-0.577.0.tgz 1210ms (cache miss)
524 silly ADD node_modules/use-sync-external-store
525 silly ADD node_modules/d3-timer
526 silly ADD node_modules/d3-ease
527 silly ADD node_modules/d3-color
528 silly ADD node_modules/d3-transition
529 silly ADD node_modules/d3-interpolate
530 silly ADD node_modules/d3-dispatch
531 silly ADD node_modules/@types/geojson
532 silly ADD node_modules/@types/d3-transition
533 silly ADD node_modules/@types/d3-timer
534 silly ADD node_modules/@types/d3-time-format
535 silly ADD node_modules/@types/d3-time
536 silly ADD node_modules/@types/d3-shape
537 silly ADD node_modules/@types/d3-scale-chromatic
538 silly ADD node_modules/@types/d3-scale
539 silly ADD node_modules/@types/d3-random
540 silly ADD node_modules/@types/d3-quadtree
541 silly ADD node_modules/@types/d3-polygon
542 silly ADD node_modules/@types/d3-path
543 silly ADD node_modules/@types/d3-interpolate
544 silly ADD node_modules/@types/d3-hierarchy
545 silly ADD node_modules/@types/d3-geo
546 silly ADD node_modules/@types/d3-format
547 silly ADD node_modules/@types/d3-force
548 silly ADD node_modules/@types/d3-fetch
549 silly ADD node_modules/@types/d3-ease
550 silly ADD node_modules/@types/d3-dsv
551 silly ADD node_modules/@types/d3-dispatch
552 silly ADD node_modules/@types/d3-delaunay
553 silly ADD node_modules/@types/d3-contour
554 silly ADD node_modules/@types/d3-color
555 silly ADD node_modules/@types/d3-chord
556 silly ADD node_modules/@types/d3-brush
557 silly ADD node_modules/@types/d3-axis
558 silly ADD node_modules/@types/d3-array
559 silly ADD node_modules/d3-zoom
560 silly ADD node_modules/d3-selection
561 silly ADD node_modules/d3-drag
562 silly ADD node_modules/@types/d3-zoom
563 silly ADD node_modules/@types/d3-selection
564 silly ADD node_modules/@types/d3-drag
565 silly ADD node_modules/@types/d3
566 silly ADD node_modules/zustand
567 silly ADD node_modules/classcat
568 silly ADD node_modules/@reactflow/node-toolbar
569 silly ADD node_modules/@reactflow/node-resizer
570 silly ADD node_modules/@reactflow/minimap
571 silly ADD node_modules/@reactflow/core
572 silly ADD node_modules/@reactflow/controls
573 silly ADD node_modules/@reactflow/background
574 silly ADD node_modules/reactflow
575 silly ADD node_modules/lucide-react
576 verbose cwd /Users/Akabia/Downloads/--Sites local/test-miro-local
577 verbose os Darwin 25.3.0
578 verbose node v22.17.0
579 verbose npm  v11.6.0
580 verbose exit 0
581 info ok
